[{"line":1,"elements":[{"start_timestamp":"2022-11-01T23:47:36.526Z","before":[{"result":{"duration":2226137000,"status":"passed"},"match":{"location":"seray.StepsDefinitions.Hooks.setup()"}}],"line":4,"name":"Verify The header","description":"","id":"payment-gateway-functional-test;verify-the-header","after":[{"result":{"error_message":"org.openqa.selenium.NoSuchWindowException: no such window: target window already closed\nfrom unknown error: web view not found\n  (Session info: chrome=107.0.5304.87)\nBuild info: version: '3.141.59', revision: 'e82be7d358', time: '2018-11-14T08:17:03'\nSystem info: host: 'Serays-Air-7.phub.net.cable.rogers.com', ip: '2607:fea8:1b60:2600:0:0:0:9717%en0', os.name: 'Mac OS X', os.arch: 'aarch64', os.version: '12.6', java.version: '18'\nDriver info: org.openqa.selenium.chrome.ChromeDriver\nCapabilities {acceptInsecureCerts: false, browserName: chrome, browserVersion: 107.0.5304.87, chrome: {chromedriverVersion: 107.0.5304.62 (1eec40d3a576..., userDataDir: /var/folders/qn/wx3ncyn10bs...}, goog:chromeOptions: {debuggerAddress: localhost:61142}, javascriptEnabled: true, networkConnectionEnabled: false, pageLoadStrategy: normal, platform: MAC, platformName: MAC, proxy: Proxy(), setWindowRect: true, strictFileInteractability: false, timeouts: {implicit: 0, pageLoad: 300000, script: 30000}, unhandledPromptBehavior: dismiss and notify, webauthn:extension:credBlob: true, webauthn:extension:largeBlob: true, webauthn:virtualAuthenticators: true}\nSession ID: cccbab5df120bddd06e5d757cb99f7e0\n\tat java.base/jdk.internal.reflect.DirectConstructorHandleAccessor.newInstance(DirectConstructorHandleAccessor.java:67)\n\tat java.base/java.lang.reflect.Constructor.newInstanceWithCaller(Constructor.java:499)\n\tat java.base/java.lang.reflect.Constructor.newInstance(Constructor.java:483)\n\tat org.openqa.selenium.remote.http.W3CHttpResponseCodec.createException(W3CHttpResponseCodec.java:187)\n\tat org.openqa.selenium.remote.http.W3CHttpResponseCodec.decode(W3CHttpResponseCodec.java:122)\n\tat org.openqa.selenium.remote.http.W3CHttpResponseCodec.decode(W3CHttpResponseCodec.java:49)\n\tat org.openqa.selenium.remote.HttpCommandExecutor.execute(HttpCommandExecutor.java:158)\n\tat org.openqa.selenium.remote.service.DriverCommandExecutor.execute(DriverCommandExecutor.java:83)\n\tat org.openqa.selenium.remote.RemoteWebDriver.execute(RemoteWebDriver.java:552)\n\tat org.openqa.selenium.remote.RemoteWebDriver.execute(RemoteWebDriver.java:609)\n\tat org.openqa.selenium.remote.RemoteWebDriver.getScreenshotAs(RemoteWebDriver.java:295)\n\tat seray.StepsDefinitions.Hooks.tearDown(Hooks.java:27)\n","duration":6371000,"status":"failed"},"match":{"location":"seray.StepsDefinitions.Hooks.tearDown(io.cucumber.java.Scenario)"}}],"type":"scenario","keyword":"Scenario","steps":[{"result":{"duration":2940774000,"status":"passed"},"line":5,"name":"The user wants to go to Guru99Demo web page","match":{"location":"seray.StepsDefinitions.Guru99Steps.the_user_wants_to_go_to_guru99demo_web_page()"},"keyword":"Given "},{"result":{"error_message":"org.openqa.selenium.NoSuchWindowException: no such window: target window already closed\nfrom unknown error: web view not found\n  (Session info: chrome=107.0.5304.87)\nBuild info: version: '3.141.59', revision: 'e82be7d358', time: '2018-11-14T08:17:03'\nSystem info: host: 'Serays-Air-7.phub.net.cable.rogers.com', ip: '2607:fea8:1b60:2600:0:0:0:9717%en0', os.name: 'Mac OS X', os.arch: 'aarch64', os.version: '12.6', java.version: '18'\nDriver info: org.openqa.selenium.chrome.ChromeDriver\nCapabilities {acceptInsecureCerts: false, browserName: chrome, browserVersion: 107.0.5304.87, chrome: {chromedriverVersion: 107.0.5304.62 (1eec40d3a576..., userDataDir: /var/folders/qn/wx3ncyn10bs...}, goog:chromeOptions: {debuggerAddress: localhost:61142}, javascriptEnabled: true, networkConnectionEnabled: false, pageLoadStrategy: normal, platform: MAC, platformName: MAC, proxy: Proxy(), setWindowRect: true, strictFileInteractability: false, timeouts: {implicit: 0, pageLoad: 300000, script: 30000}, unhandledPromptBehavior: dismiss and notify, webauthn:extension:credBlob: true, webauthn:extension:largeBlob: true, webauthn:virtualAuthenticators: true}\nSession ID: cccbab5df120bddd06e5d757cb99f7e0\n*** Element info: {Using=xpath, value=//h2[.='Mother Elephant With Babies Soft Toy']}\n\tat java.base/jdk.internal.reflect.DirectConstructorHandleAccessor.newInstance(DirectConstructorHandleAccessor.java:67)\n\tat java.base/java.lang.reflect.Constructor.newInstanceWithCaller(Constructor.java:499)\n\tat java.base/java.lang.reflect.Constructor.newInstance(Constructor.java:483)\n\tat org.openqa.selenium.remote.http.W3CHttpResponseCodec.createException(W3CHttpResponseCodec.java:187)\n\tat org.openqa.selenium.remote.http.W3CHttpResponseCodec.decode(W3CHttpResponseCodec.java:122)\n\tat org.openqa.selenium.remote.http.W3CHttpResponseCodec.decode(W3CHttpResponseCodec.java:49)\n\tat org.openqa.selenium.remote.HttpCommandExecutor.execute(HttpCommandExecutor.java:158)\n\tat org.openqa.selenium.remote.service.DriverCommandExecutor.execute(DriverCommandExecutor.java:83)\n\tat org.openqa.selenium.remote.RemoteWebDriver.execute(RemoteWebDriver.java:552)\n\tat org.openqa.selenium.remote.RemoteWebDriver.findElement(RemoteWebDriver.java:323)\n\tat org.openqa.selenium.remote.RemoteWebDriver.findElementByXPath(RemoteWebDriver.java:428)\n\tat org.openqa.selenium.By$ByXPath.findElement(By.java:353)\n\tat org.openqa.selenium.remote.RemoteWebDriver.findElement(RemoteWebDriver.java:315)\n\tat org.openqa.selenium.support.pagefactory.DefaultElementLocator.findElement(DefaultElementLocator.java:69)\n\tat org.openqa.selenium.support.pagefactory.internal.LocatingElementHandler.invoke(LocatingElementHandler.java:38)\n\tat jdk.proxy2/jdk.proxy2.$Proxy20.getText(Unknown Source)\n\tat seray.Pages.Guru99HomePage.setElephantToyHeader(Guru99HomePage.java:35)\n\tat seray.StepsDefinitions.Guru99Steps.the_user_wants_to_verify_the_header(Guru99Steps.java:29)\n\tat ✽.The user wants to verify the header \"Mother Elephant With Babies Soft Toy\"(file:///Users/seraytugcu/IdeaProjects/SerayRenasTechBDDTestingProject/src/test/resources/Lab06.feature:6)\n","duration":33345000,"status":"failed"},"line":6,"name":"The user wants to verify the header \"Mother Elephant With Babies Soft Toy\"","match":{"arguments":[{"val":"\"Mother Elephant With Babies Soft Toy\"","offset":36}],"location":"seray.StepsDefinitions.Guru99Steps.the_user_wants_to_verify_the_header(java.lang.String)"},"keyword":"Then "}],"tags":[{"name":"@Smoke"},{"name":"@TC01"},{"name":"@Regression"}]},{"start_timestamp":"2022-11-01T23:47:41.897Z","before":[{"result":{"error_message":"org.openqa.selenium.NoSuchWindowException: no such window: target window already closed\nfrom unknown error: web view not found\n  (Session info: chrome=107.0.5304.87)\nBuild info: version: '3.141.59', revision: 'e82be7d358', time: '2018-11-14T08:17:03'\nSystem info: host: 'Serays-Air-7.phub.net.cable.rogers.com', ip: '2607:fea8:1b60:2600:0:0:0:9717%en0', os.name: 'Mac OS X', os.arch: 'aarch64', os.version: '12.6', java.version: '18'\nDriver info: org.openqa.selenium.chrome.ChromeDriver\nCapabilities {acceptInsecureCerts: false, browserName: chrome, browserVersion: 107.0.5304.87, chrome: {chromedriverVersion: 107.0.5304.62 (1eec40d3a576..., userDataDir: /var/folders/qn/wx3ncyn10bs...}, goog:chromeOptions: {debuggerAddress: localhost:61142}, javascriptEnabled: true, networkConnectionEnabled: false, pageLoadStrategy: normal, platform: MAC, platformName: MAC, proxy: Proxy(), setWindowRect: true, strictFileInteractability: false, timeouts: {implicit: 0, pageLoad: 300000, script: 30000}, unhandledPromptBehavior: dismiss and notify, webauthn:extension:credBlob: true, webauthn:extension:largeBlob: true, webauthn:virtualAuthenticators: true}\nSession ID: cccbab5df120bddd06e5d757cb99f7e0\n\tat java.base/jdk.internal.reflect.DirectConstructorHandleAccessor.newInstance(DirectConstructorHandleAccessor.java:67)\n\tat java.base/java.lang.reflect.Constructor.newInstanceWithCaller(Constructor.java:499)\n\tat java.base/java.lang.reflect.Constructor.newInstance(Constructor.java:483)\n\tat org.openqa.selenium.remote.http.W3CHttpResponseCodec.createException(W3CHttpResponseCodec.java:187)\n\tat org.openqa.selenium.remote.http.W3CHttpResponseCodec.decode(W3CHttpResponseCodec.java:122)\n\tat org.openqa.selenium.remote.http.W3CHttpResponseCodec.decode(W3CHttpResponseCodec.java:49)\n\tat org.openqa.selenium.remote.HttpCommandExecutor.execute(HttpCommandExecutor.java:158)\n\tat org.openqa.selenium.remote.service.DriverCommandExecutor.execute(DriverCommandExecutor.java:83)\n\tat org.openqa.selenium.remote.RemoteWebDriver.execute(RemoteWebDriver.java:552)\n\tat org.openqa.selenium.remote.RemoteWebDriver.execute(RemoteWebDriver.java:609)\n\tat org.openqa.selenium.remote.RemoteWebDriver$RemoteWebDriverOptions$RemoteWindow.maximize(RemoteWebDriver.java:837)\n\tat seray.StepsDefinitions.Hooks.setup(Hooks.java:22)\n","duration":38759000,"status":"failed"},"match":{"location":"seray.StepsDefinitions.Hooks.setup()"}}],"line":9,"name":"Verify the toy price is 20$","description":"","id":"payment-gateway-functional-test;verify-the-toy-price-is-20$","after":[{"result":{"error_message":"org.openqa.selenium.NoSuchWindowException: no such window: target window already closed\nfrom unknown error: web view not found\n  (Session info: chrome=107.0.5304.87)\nBuild info: version: '3.141.59', revision: 'e82be7d358', time: '2018-11-14T08:17:03'\nSystem info: host: 'Serays-Air-7.phub.net.cable.rogers.com', ip: '2607:fea8:1b60:2600:0:0:0:9717%en0', os.name: 'Mac OS X', os.arch: 'aarch64', os.version: '12.6', java.version: '18'\nDriver info: org.openqa.selenium.chrome.ChromeDriver\nCapabilities {acceptInsecureCerts: false, browserName: chrome, browserVersion: 107.0.5304.87, chrome: {chromedriverVersion: 107.0.5304.62 (1eec40d3a576..., userDataDir: /var/folders/qn/wx3ncyn10bs...}, goog:chromeOptions: {debuggerAddress: localhost:61142}, javascriptEnabled: true, networkConnectionEnabled: false, pageLoadStrategy: normal, platform: MAC, platformName: MAC, proxy: Proxy(), setWindowRect: true, strictFileInteractability: false, timeouts: {implicit: 0, pageLoad: 300000, script: 30000}, unhandledPromptBehavior: dismiss and notify, webauthn:extension:credBlob: true, webauthn:extension:largeBlob: true, webauthn:virtualAuthenticators: true}\nSession ID: cccbab5df120bddd06e5d757cb99f7e0\n\tat java.base/jdk.internal.reflect.DirectConstructorHandleAccessor.newInstance(DirectConstructorHandleAccessor.java:67)\n\tat java.base/java.lang.reflect.Constructor.newInstanceWithCaller(Constructor.java:499)\n\tat java.base/java.lang.reflect.Constructor.newInstance(Constructor.java:483)\n\tat org.openqa.selenium.remote.http.W3CHttpResponseCodec.createException(W3CHttpResponseCodec.java:187)\n\tat org.openqa.selenium.remote.http.W3CHttpResponseCodec.decode(W3CHttpResponseCodec.java:122)\n\tat org.openqa.selenium.remote.http.W3CHttpResponseCodec.decode(W3CHttpResponseCodec.java:49)\n\tat org.openqa.selenium.remote.HttpCommandExecutor.execute(HttpCommandExecutor.java:158)\n\tat org.openqa.selenium.remote.service.DriverCommandExecutor.execute(DriverCommandExecutor.java:83)\n\tat org.openqa.selenium.remote.RemoteWebDriver.execute(RemoteWebDriver.java:552)\n\tat org.openqa.selenium.remote.RemoteWebDriver.execute(RemoteWebDriver.java:609)\n\tat org.openqa.selenium.remote.RemoteWebDriver.getScreenshotAs(RemoteWebDriver.java:295)\n\tat seray.StepsDefinitions.Hooks.tearDown(Hooks.java:27)\n","duration":2697000,"status":"failed"},"match":{"location":"seray.StepsDefinitions.Hooks.tearDown(io.cucumber.java.Scenario)"}}],"type":"scenario","keyword":"Scenario","steps":[{"result":{"duration":79000,"status":"skipped"},"line":10,"name":"The user wants to go to Guru99Demo web page","match":{"location":"seray.StepsDefinitions.Guru99Steps.the_user_wants_to_go_to_guru99demo_web_page()"},"keyword":"Given "},{"result":{"duration":153000,"status":"skipped"},"line":11,"name":"The user wants to verify that the toy price is \"Price: $20\"","match":{"arguments":[{"val":"\"Price: $20\"","offset":47}],"location":"seray.StepsDefinitions.Guru99Steps.the_user_wants_to_verify_that_the_toy_price_is(java.lang.String)"},"keyword":"Then "}],"tags":[{"name":"@TC02"},{"name":"@Smoke"},{"name":"@Regression"}]},{"start_timestamp":"2022-11-01T23:47:41.950Z","before":[{"result":{"error_message":"org.openqa.selenium.NoSuchWindowException: no such window: target window already closed\nfrom unknown error: web view not found\n  (Session info: chrome=107.0.5304.87)\nBuild info: version: '3.141.59', revision: 'e82be7d358', time: '2018-11-14T08:17:03'\nSystem info: host: 'Serays-Air-7.phub.net.cable.rogers.com', ip: '2607:fea8:1b60:2600:0:0:0:9717%en0', os.name: 'Mac OS X', os.arch: 'aarch64', os.version: '12.6', java.version: '18'\nDriver info: org.openqa.selenium.chrome.ChromeDriver\nCapabilities {acceptInsecureCerts: false, browserName: chrome, browserVersion: 107.0.5304.87, chrome: {chromedriverVersion: 107.0.5304.62 (1eec40d3a576..., userDataDir: /var/folders/qn/wx3ncyn10bs...}, goog:chromeOptions: {debuggerAddress: localhost:61142}, javascriptEnabled: true, networkConnectionEnabled: false, pageLoadStrategy: normal, platform: MAC, platformName: MAC, proxy: Proxy(), setWindowRect: true, strictFileInteractability: false, timeouts: {implicit: 0, pageLoad: 300000, script: 30000}, unhandledPromptBehavior: dismiss and notify, webauthn:extension:credBlob: true, webauthn:extension:largeBlob: true, webauthn:virtualAuthenticators: true}\nSession ID: cccbab5df120bddd06e5d757cb99f7e0\n\tat java.base/jdk.internal.reflect.DirectConstructorHandleAccessor.newInstance(DirectConstructorHandleAccessor.java:67)\n\tat java.base/java.lang.reflect.Constructor.newInstanceWithCaller(Constructor.java:499)\n\tat java.base/java.lang.reflect.Constructor.newInstance(Constructor.java:483)\n\tat org.openqa.selenium.remote.http.W3CHttpResponseCodec.createException(W3CHttpResponseCodec.java:187)\n\tat org.openqa.selenium.remote.http.W3CHttpResponseCodec.decode(W3CHttpResponseCodec.java:122)\n\tat org.openqa.selenium.remote.http.W3CHttpResponseCodec.decode(W3CHttpResponseCodec.java:49)\n\tat org.openqa.selenium.remote.HttpCommandExecutor.execute(HttpCommandExecutor.java:158)\n\tat org.openqa.selenium.remote.service.DriverCommandExecutor.execute(DriverCommandExecutor.java:83)\n\tat org.openqa.selenium.remote.RemoteWebDriver.execute(RemoteWebDriver.java:552)\n\tat org.openqa.selenium.remote.RemoteWebDriver.execute(RemoteWebDriver.java:609)\n\tat org.openqa.selenium.remote.RemoteWebDriver$RemoteWebDriverOptions$RemoteWindow.maximize(RemoteWebDriver.java:837)\n\tat seray.StepsDefinitions.Hooks.setup(Hooks.java:22)\n","duration":5573000,"status":"failed"},"match":{"location":"seray.StepsDefinitions.Hooks.setup()"}}],"line":14,"name":"Verify the Url contain “payment-gateway”","description":"","id":"payment-gateway-functional-test;verify-the-url-contain-“payment-gateway”","after":[{"result":{"error_message":"org.openqa.selenium.NoSuchWindowException: no such window: target window already closed\nfrom unknown error: web view not found\n  (Session info: chrome=107.0.5304.87)\nBuild info: version: '3.141.59', revision: 'e82be7d358', time: '2018-11-14T08:17:03'\nSystem info: host: 'Serays-Air-7.phub.net.cable.rogers.com', ip: '2607:fea8:1b60:2600:0:0:0:9717%en0', os.name: 'Mac OS X', os.arch: 'aarch64', os.version: '12.6', java.version: '18'\nDriver info: org.openqa.selenium.chrome.ChromeDriver\nCapabilities {acceptInsecureCerts: false, browserName: chrome, browserVersion: 107.0.5304.87, chrome: {chromedriverVersion: 107.0.5304.62 (1eec40d3a576..., userDataDir: /var/folders/qn/wx3ncyn10bs...}, goog:chromeOptions: {debuggerAddress: localhost:61142}, javascriptEnabled: true, networkConnectionEnabled: false, pageLoadStrategy: normal, platform: MAC, platformName: MAC, proxy: Proxy(), setWindowRect: true, strictFileInteractability: false, timeouts: {implicit: 0, pageLoad: 300000, script: 30000}, unhandledPromptBehavior: dismiss and notify, webauthn:extension:credBlob: true, webauthn:extension:largeBlob: true, webauthn:virtualAuthenticators: true}\nSession ID: cccbab5df120bddd06e5d757cb99f7e0\n\tat java.base/jdk.internal.reflect.DirectConstructorHandleAccessor.newInstance(DirectConstructorHandleAccessor.java:67)\n\tat java.base/java.lang.reflect.Constructor.newInstanceWithCaller(Constructor.java:499)\n\tat java.base/java.lang.reflect.Constructor.newInstance(Constructor.java:483)\n\tat org.openqa.selenium.remote.http.W3CHttpResponseCodec.createException(W3CHttpResponseCodec.java:187)\n\tat org.openqa.selenium.remote.http.W3CHttpResponseCodec.decode(W3CHttpResponseCodec.java:122)\n\tat org.openqa.selenium.remote.http.W3CHttpResponseCodec.decode(W3CHttpResponseCodec.java:49)\n\tat org.openqa.selenium.remote.HttpCommandExecutor.execute(HttpCommandExecutor.java:158)\n\tat org.openqa.selenium.remote.service.DriverCommandExecutor.execute(DriverCommandExecutor.java:83)\n\tat org.openqa.selenium.remote.RemoteWebDriver.execute(RemoteWebDriver.java:552)\n\tat org.openqa.selenium.remote.RemoteWebDriver.execute(RemoteWebDriver.java:609)\n\tat org.openqa.selenium.remote.RemoteWebDriver.getScreenshotAs(RemoteWebDriver.java:295)\n\tat seray.StepsDefinitions.Hooks.tearDown(Hooks.java:27)\n","duration":2401000,"status":"failed"},"match":{"location":"seray.StepsDefinitions.Hooks.tearDown(io.cucumber.java.Scenario)"}}],"type":"scenario","keyword":"Scenario","steps":[{"result":{"duration":77000,"status":"skipped"},"line":15,"name":"The user wants to go to Guru99Demo web page","match":{"location":"seray.StepsDefinitions.Guru99Steps.the_user_wants_to_go_to_guru99demo_web_page()"},"keyword":"Given "},{"result":{"duration":142000,"status":"skipped"},"line":16,"name":"The user wants to verify that Url contains \"payment-gateway\"","match":{"arguments":[{"val":"\"payment-gateway\"","offset":43}],"location":"seray.StepsDefinitions.Guru99Steps.the_user_wants_to_verify_that_url_contains(java.lang.String)"},"keyword":"Then "}],"tags":[{"name":"@TC03"},{"name":"@Smoke"},{"name":"@Regression"}]}],"name":"Payment Gateway Functional Test","description":"","id":"payment-gateway-functional-test","keyword":"Feature","uri":"file:src/test/resources/Lab06.feature","tags":[]}]